[0.025s] Invoking command in '/home/diego234/Esame/build/lidar_node_new': CMAKE_PREFIX_PATH=${CMAKE_PREFIX_PATH}:/opt/ros/humble /usr/bin/cmake --build /home/diego234/Esame/build/lidar_node_new -- -j5 -l5
[0.140s] [35m[1mConsolidate compiler generated dependencies of target lidar_node_new[0m
[0.196s] [ 50%] [32mBuilding CXX object CMakeFiles/lidar_node_new.dir/src/lidar_node_new.cpp.o[0m
[13.382s] [01m[K/home/diego234/Esame/src/lidar_node_new/src/lidar_node_new.cpp:[m[K In member function â€˜[01m[Kvoid ConeDetectionNode::pointCloudCallback(sensor_msgs::msg::PointCloud2_<std::allocator<void> >::SharedPtr)[m[Kâ€™:
[13.382s] [01m[K/home/diego234/Esame/src/lidar_node_new/src/lidar_node_new.cpp:387:9:[m[K [01;31m[Kerror: [m[Kâ€˜[01m[KpublsihCloud[m[Kâ€™ was not declared in this scope; did you mean â€˜[01m[KpublishCloud[m[Kâ€™?
[13.382s]   387 |         [01;31m[KpublsihCloud[m[K(clusters_pub_, clusters, msg->header);
[13.382s]       |         [01;31m[K^~~~~~~~~~~~[m[K
[13.382s]       |         [32m[KpublishCloud[m[K
[19.736s] gmake[2]: *** [CMakeFiles/lidar_node_new.dir/build.make:76: CMakeFiles/lidar_node_new.dir/src/lidar_node_new.cpp.o] Errore 1
[19.740s] gmake[1]: *** [CMakeFiles/Makefile2:137: CMakeFiles/lidar_node_new.dir/all] Errore 2
[19.740s] gmake: *** [Makefile:146: all] Errore 2
[19.746s] Invoked command in '/home/diego234/Esame/build/lidar_node_new' returned '2': CMAKE_PREFIX_PATH=${CMAKE_PREFIX_PATH}:/opt/ros/humble /usr/bin/cmake --build /home/diego234/Esame/build/lidar_node_new -- -j5 -l5
